<?xml version="1.0" encoding="UTF-8"?>
<testng-results skipped="0" failed="0" ignored="0" total="1" passed="1">
  <reporter-output>
  </reporter-output>
  <suite name="Default suite" duration-ms="43923" started-at="2020-11-01T18:32:36 IST" finished-at="2020-11-01T18:33:20 IST">
    <groups>
    </groups>
    <test name="Default test" duration-ms="43923" started-at="2020-11-01T18:32:36 IST" finished-at="2020-11-01T18:33:20 IST">
      <class name="extentReports.ExtentReportWithTestNG">
        <test-method status="PASS" signature="BeforeTest()[pri:0, instance:extentReports.ExtentReportWithTestNG@5a1c0542]" name="BeforeTest" is-config="true" duration-ms="26804" started-at="2020-11-01T18:32:36 IST" finished-at="2020-11-01T18:33:03 IST">
          <reporter-output>
          </reporter-output>
        </test-method> <!-- BeforeTest -->
        <test-method status="PASS" signature="setup()[pri:0, instance:extentReports.ExtentReportWithTestNG@5a1c0542]" name="setup" is-config="true" duration-ms="138" started-at="2020-11-01T18:33:03 IST" finished-at="2020-11-01T18:33:03 IST">
          <reporter-output>
          </reporter-output>
        </test-method> <!-- setup -->
        <test-method status="PASS" signature="test()[pri:0, instance:extentReports.ExtentReportWithTestNG@5a1c0542]" name="test" duration-ms="6892" started-at="2020-11-01T18:33:03 IST" finished-at="2020-11-01T18:33:10 IST">
          <reporter-output>
          </reporter-output>
        </test-method> <!-- test -->
        <test-method status="PASS" signature="teardown()[pri:0, instance:extentReports.ExtentReportWithTestNG@5a1c0542]" name="teardown" is-config="true" duration-ms="4145" started-at="2020-11-01T18:33:10 IST" finished-at="2020-11-01T18:33:14 IST">
          <reporter-output>
          </reporter-output>
        </test-method> <!-- teardown -->
        <test-method status="PASS" signature="AfterTest()[pri:0, instance:extentReports.ExtentReportWithTestNG@5a1c0542]" name="AfterTest" is-config="true" duration-ms="5873" started-at="2020-11-01T18:33:14 IST" finished-at="2020-11-01T18:33:20 IST">
          <reporter-output>
          </reporter-output>
        </test-method> <!-- AfterTest -->
      </class> <!-- extentReports.ExtentReportWithTestNG -->
    </test> <!-- Default test -->
  </suite> <!-- Default suite -->
</testng-results>
