<?xml version="1.0" encoding="UTF-8"?>
<testng-results skipped="0" failed="0" ignored="0" total="0" passed="0">
  <reporter-output>
  </reporter-output>
  <suite name="newselenium.newselenium.AppTest" duration-ms="25" started-at="2020-11-04T12:48:30 IST" finished-at="2020-11-04T12:48:30 IST">
    <groups>
    </groups>
    <test name="Command line test" duration-ms="25" started-at="2020-11-04T12:48:30 IST" finished-at="2020-11-04T12:48:30 IST">
    </test> <!-- Command line test -->
  </suite> <!-- newselenium.newselenium.AppTest -->
</testng-results>
